\BOOKMARK [-1][]{ctitle.-1}{\376\377\127\372\116\216\000G\000S\000T\166\204\215\205\210\150\227\142\121\111\133\146\126\150\116\366\170\024\172\166}{}% 1
\BOOKMARK [0][]{thuchapter.1.0}{\376\377\116\055\145\207\144\130\211\201}{ctitle.-1}% 2
\BOOKMARK [0][]{thuchapter.2.0}{\376\377\000A\000B\000S\000T\000R\000A\000C\000T}{ctitle.-1}% 3
\BOOKMARK [0][]{thuchapter.3.0}{\376\377\166\356\000\040\137\125}{ctitle.-1}% 4
\BOOKMARK [0][]{chapter.1}{\376\377\173\054\0001\172\340\000\040\137\025\212\000}{ctitle.-1}% 5
\BOOKMARK [1][-]{section.1.1}{\376\377\0001\000.\0001\000\040\215\205\210\150\227\142\166\204\173\200\116\313\123\312\170\024\172\166\163\260\162\266}{chapter.1}% 6
\BOOKMARK [1][-]{section.1.2}{\376\377\0001\000.\0002\000\040\000G\000S\000T\173\200\116\313}{chapter.1}% 7
\BOOKMARK [1][-]{section.1.3}{\376\377\0001\000.\0003\000\040\133\236\232\214\145\271\154\325\173\200\211\201\213\364\146\016}{chapter.1}% 8
\BOOKMARK [2][-]{subsection.1.3.1}{\376\377\0001\000.\0003\000.\0001\000\040\000G\000S\000T\122\066\131\007\145\271\154\325}{section.1.3}% 9
\BOOKMARK [2][-]{subsection.1.3.2}{\376\377\0001\000.\0003\000.\0002\000\040\000G\000S\000T\166\370\123\330\145\271\154\325\170\024\172\166}{section.1.3}% 10
\BOOKMARK [2][-]{subsection.1.3.3}{\376\377\0001\000.\0003\000.\0003\000\040\000G\000S\000T\131\015\142\230\134\004\163\207\170\024\172\166}{section.1.3}% 11
\BOOKMARK [2][-]{subsection.1.3.4}{\376\377\0001\000.\0003\000.\0004\000\040\000G\000S\000T\205\204\201\234\121\111\214\061\220\017\134\004\163\207\124\214\123\315\134\004\163\207\170\024\172\166}{section.1.3}% 12
\BOOKMARK [1][-]{section.1.4}{\376\377\0001\000.\0004\000\040\147\054\145\207\176\323\147\204\133\211\143\222}{chapter.1}% 13
\BOOKMARK [0][]{chapter.2}{\376\377\173\054\0002\172\340\000\040\127\372\116\216\000F\000D\000T\000D\166\204\164\006\213\272\116\377\167\037}{ctitle.-1}% 14
\BOOKMARK [1][-]{section.2.1}{\376\377\0002\000.\0001\000\040\127\372\116\216\000G\000S\000T\166\204\123\357\123\330\215\205\210\150\227\142\121\111\133\146\126\150\116\366\176\323\147\204\170\024\172\166}{chapter.2}% 15
\BOOKMARK [1][-]{section.2.2}{\376\377\0002\000.\0002\000\040\000F\000D\000T\000D\116\377\167\037}{chapter.2}% 16
\BOOKMARK [2][-]{subsection.2.2.1}{\376\377\0002\000.\0002\000.\0001\000\040\000F\000D\000T\000D\145\271\154\325\173\200\116\313}{section.2.2}% 17
\BOOKMARK [2][-]{subsection.2.2.2}{\376\377\0002\000.\0002\000.\0002\000\040\116\000\176\364\140\305\137\142}{section.2.2}% 18
\BOOKMARK [2][-]{subsection.2.2.3}{\376\377\0002\000.\0002\000.\0003\000\040\116\214\176\364\140\305\137\142}{section.2.2}% 19
\BOOKMARK [1][-]{section.2.3}{\376\377\0002\000.\0003\000\040\147\054\172\340\134\017\176\323}{chapter.2}% 20
\BOOKMARK [0][]{chapter.3}{\376\377\173\054\0003\172\340\000\040\000G\000S\000T\147\120\145\231\166\204\122\066\131\007\145\271\154\325\124\214\162\171\140\047\170\024\172\166}{ctitle.-1}% 21
\BOOKMARK [1][-]{section.3.1}{\376\377\0003\000.\0001\000\040\221\307\165\050\170\301\143\247\156\205\134\004\122\066\131\007\000G\000S\000T\205\204\201\234}{chapter.3}% 22
\BOOKMARK [1][-]{section.3.2}{\376\377\0003\000.\0002\000\040\146\166\123\026\147\141\116\366\170\024\172\166}{chapter.3}% 23
\BOOKMARK [1][-]{section.3.3}{\376\377\0003\000.\0003\000\040\123\232\136\246\170\024\172\166}{chapter.3}% 24
\BOOKMARK [1][-]{section.3.4}{\376\377\0003\000.\0004\000\040\121\111\133\146\162\171\140\047\155\113\213\325}{chapter.3}% 25
\BOOKMARK [2][-]{subsection.3.4.1}{\376\377\0003\000.\0004\000.\0001\000\040\142\230\134\004\163\207\155\113\213\325}{section.3.4}% 26
\BOOKMARK [1][-]{section.3.5}{\376\377\0003\000.\0005\000\040\000G\000S\000T\205\204\201\234\210\150\227\142\142\020\122\006\122\006\147\220}{chapter.3}% 27
\BOOKMARK [0][]{chapter.4}{\376\377\173\054\0004\172\340\000\040\140\073\176\323}{ctitle.-1}% 28
\BOOKMARK [0][]{section*.33}{\376\377\123\302\200\003\145\207\163\056}{ctitle.-1}% 29
\BOOKMARK [0][]{section*.35}{\376\377\143\322\126\376\175\042\137\025}{ctitle.-1}% 30
\BOOKMARK [0][]{section*.37}{\376\377\210\150\150\074\175\042\137\025}{ctitle.-1}% 31
\BOOKMARK [0][]{section*.39}{\376\377\121\154\137\017\175\042\137\025}{ctitle.-1}% 32
\BOOKMARK [0][]{section*.41}{\376\377\201\364\000\040\214\042}{ctitle.-1}% 33
\BOOKMARK [0][]{section*.43}{\376\377\130\360\000\040\146\016}{ctitle.-1}% 34
\BOOKMARK [0][]{appendix.A}{\376\377\226\104\137\125\000\040\000A\000\040\131\026\145\207\215\104\145\231\166\204\214\003\170\024\226\005\213\373\142\245\124\112\142\026\116\146\227\142\177\373\213\321}{ctitle.-1}% 35
